Build started 12/08/2018 11:44:08 PM.
     1>Project "E:\A Development That No One Knows\Github\Project_5MES_C\Project_5MES_C.vcxproj" on node 2 (Build target(s)).
     1>Building with tools version "15.0".
       Target "EnableIntermediateOutputPathMismatchWarning" skipped, due to false condition; ('$(RestoreProjectStyle)' == 'PackageReference') was evaluated as ('' == 'PackageReference').
     1>Target "_CheckForInvalidConfigurationAndPlatform" in file "C:\Program Files (x86)\Microsoft Visual Studio\2017\Community\MSBuild\15.0\Bin\Microsoft.Common.CurrentVersion.targets" from project "E:\A Development That No One Knows\Github\Project_5MES_C\Project_5MES_C.vcxproj" (target "SetTelemetryEnvironmentVariables" depends on it):
       Task "Error" skipped, due to false condition; ( '$(_InvalidConfigurationError)' == 'true' ) was evaluated as ( '' == 'true' ).
       Task "Warning" skipped, due to false condition; ( '$(_InvalidConfigurationWarning)' == 'true' ) was evaluated as ( '' == 'true' ).
       Using "Message" task from assembly "Microsoft.Build.Tasks.Core, Version=15.1.0.0, Culture=neutral, PublicKeyToken=b03f5f7f11d50a3a".
       Task "Message"
         Configuration=Debug
       Done executing task "Message".
       Task "Message"
         Platform=x64
       Done executing task "Message".
       Task "Error" skipped, due to false condition; ('$(OutDir)' != '' and !HasTrailingSlash('$(OutDir)')) was evaluated as ('E:\A Development That No One Knows\Github\Project_5MES_C\x64\Debug\' != '' and !HasTrailingSlash('E:\A Development That No One Knows\Github\Project_5MES_C\x64\Debug\')).
       Task "Error" skipped, due to false condition; ('$(BaseIntermediateOutputPath)' != '' and !HasTrailingSlash('$(BaseIntermediateOutputPath)')) was evaluated as ('obj\' != '' and !HasTrailingSlash('obj\')).
       Task "Error" skipped, due to false condition; ('$(IntermediateOutputPath)' != '' and !HasTrailingSlash('$(IntermediateOutputPath)')) was evaluated as ('x64\Debug\' != '' and !HasTrailingSlash('x64\Debug\')).
       Task "Error" skipped, due to false condition; ( '$(_InitialMSBuildProjectExtensionsPath)' != '' And '$(MSBuildProjectExtensionsPath)' != '$(_InitialMSBuildProjectExtensionsPath)' ) was evaluated as ( 'E:\A Development That No One Knows\Github\Project_5MES_C\obj\' != '' And 'E:\A Development That No One Knows\Github\Project_5MES_C\obj\' != 'E:\A Development That No One Knows\Github\Project_5MES_C\obj\' ).
       Task "Warning" skipped, due to false condition; ( '$(EnableBaseIntermediateOutputPathMismatchWarning)' == 'true' And '$(_InitialBaseIntermediateOutputPath)' != '$(BaseIntermediateOutputPath)' And '$(BaseIntermediateOutputPath)' != '$(MSBuildProjectExtensionsPath)' ) was evaluated as ( '' == 'true' And 'obj\' != 'obj\' And 'obj\' != 'E:\A Development That No One Knows\Github\Project_5MES_C\obj\' ).
     1>Done building target "_CheckForInvalidConfigurationAndPlatform" in project "Project_5MES_C.vcxproj".
       Target "_CheckForInvalidConfigurationAndPlatform" skipped. Previously built successfully.
     1>Target "SetTelemetryEnvironmentVariables" in file "C:\Program Files (x86)\Microsoft Visual Studio\2017\Community\Common7\IDE\VC\VCTargets\Microsoft.Cpp.DesignTime.targets" from project "E:\A Development That No One Knows\Github\Project_5MES_C\Project_5MES_C.vcxproj" (target "Build" depends on it):
       Using "SetEnv" task from assembly "C:\Program Files (x86)\Microsoft Visual Studio\2017\Community\Common7\IDE\VC\VCTargets\Microsoft.Build.CppTasks.Common.dll".
       Task "SetEnv"
         VSTEL_SolutionSessionID={6C35D4D2-3BC6-4AE9-886E-26B8043534EF}
       Done executing task "SetEnv".
       Task "SetEnv"
         VSTEL_CurrentSolutionBuildID=13602093
       Done executing task "SetEnv".
       Task "SetEnv"
         VSTEL_ProjectID={8D1C6810-0C67-4B72-BB05-065386A3C2FB}
       Done executing task "SetEnv".
     1>Done building target "SetTelemetryEnvironmentVariables" in project "Project_5MES_C.vcxproj".
     1>Target "_PrepareForBuild" in file "C:\Program Files (x86)\Microsoft Visual Studio\2017\Community\Common7\IDE\VC\VCTargets\Microsoft.BuildSteps.Targets" from project "E:\A Development That No One Knows\Github\Project_5MES_C\Project_5MES_C.vcxproj" (target "Build" depends on it):
       Task "CreateItem" skipped, due to false condition; ('%(CustomBuild.IncludeFileToTool)'!='') was evaluated as (''!='').
     1>Done building target "_PrepareForBuild" in project "Project_5MES_C.vcxproj".
     1>Target "_PrepareForReferenceResolution" in file "C:\Program Files (x86)\Microsoft Visual Studio\2017\Community\Common7\IDE\VC\VCTargets\Microsoft.CppBuild.targets" from project "E:\A Development That No One Knows\Github\Project_5MES_C\Project_5MES_C.vcxproj" (target "ResolveReferences" depends on it):
       Task "Message" skipped, due to false condition; ('$(_REFERENCE_DEBUG)'=='true') was evaluated as (''=='true').
     1>Done building target "_PrepareForReferenceResolution" in project "Project_5MES_C.vcxproj".
       Target "ComputeCrtSDKReference" skipped, due to false condition; ('@(ClCompile)'!='' and '$(WindowsAppContainer)'=='true' and '$(UseCrtSDKReference)' != 'false') was evaluated as ('src_file\LM_MainProgram.c'!='' and 'false'=='true' and '' != 'false').
     1>Target "BeforeResolveReferences" in file "C:\Program Files (x86)\Microsoft Visual Studio\2017\Community\MSBuild\15.0\Bin\Microsoft.Common.CurrentVersion.targets" from project "E:\A Development That No One Knows\Github\Project_5MES_C\Project_5MES_C.vcxproj" (target "ResolveReferences" depends on it):
     1>Done building target "BeforeResolveReferences" in project "Project_5MES_C.vcxproj".
     1>Target "AssignProjectConfiguration" in file "C:\Program Files (x86)\Microsoft Visual Studio\2017\Community\MSBuild\15.0\Bin\Microsoft.Common.CurrentVersion.targets" from project "E:\A Development That No One Knows\Github\Project_5MES_C\Project_5MES_C.vcxproj" (target "ResolveReferences" depends on it):
       Using "AssignProjectConfiguration" task from assembly "Microsoft.Build.Tasks.Core, Version=15.1.0.0, Culture=neutral, PublicKeyToken=b03f5f7f11d50a3a".
       Task "AssignProjectConfiguration"
       Done executing task "AssignProjectConfiguration".
     1>Done building target "AssignProjectConfiguration" in project "Project_5MES_C.vcxproj".
       Target "AssignProjectConfiguration" skipped. Previously built successfully.
     1>Target "_SplitProjectReferencesByFileExistence" in file "C:\Program Files (x86)\Microsoft Visual Studio\2017\Community\MSBuild\15.0\Bin\Microsoft.Common.CurrentVersion.targets" from project "E:\A Development That No One Knows\Github\Project_5MES_C\Project_5MES_C.vcxproj" (target "PrepareProjectReferences" depends on it):
       Task "ResolveNonMSBuildProjectOutput" skipped, due to false condition; ('$(BuildingInsideVisualStudio)'=='true' and '@(ProjectReferenceWithConfiguration)'!='') was evaluated as ('true'=='true' and ''!='').
     1>Done building target "_SplitProjectReferencesByFileExistence" in project "Project_5MES_C.vcxproj".
     1>Target "_GetProjectReferenceTargetFrameworkProperties" in file "C:\Program Files (x86)\Microsoft Visual Studio\2017\Community\MSBuild\15.0\Bin\Microsoft.Common.CurrentVersion.targets" from project "E:\A Development That No One Knows\Github\Project_5MES_C\Project_5MES_C.vcxproj" (target "PrepareProjectReferences" depends on it):
       Using "MSBuild" task from assembly "Microsoft.Build.Tasks.Core, Version=15.1.0.0, Culture=neutral, PublicKeyToken=b03f5f7f11d50a3a".
       Task "MSBuild"
       Done executing task "MSBuild".
       Task "GetReferenceNearestTargetFrameworkTask" skipped, due to false condition; ('@(_ProjectReferenceTargetFrameworkPossibilities->Count())' != '0' and '$(ReferringTargetFrameworkForProjectReferences)' != '') was evaluated as ('0' != '0' and '.NETFramework,Version=v4.0' != '').
     1>Done building target "_GetProjectReferenceTargetFrameworkProperties" in project "Project_5MES_C.vcxproj".
     1>Target "PrepareProjectReferences" in file "C:\Program Files (x86)\Microsoft Visual Studio\2017\Community\MSBuild\15.0\Bin\Microsoft.Common.CurrentVersion.targets" from project "E:\A Development That No One Knows\Github\Project_5MES_C\Project_5MES_C.vcxproj" (target "ResolveProjectReferences" depends on it):
     1>Done building target "PrepareProjectReferences" in project "Project_5MES_C.vcxproj".
       Target "_RemoveNameMetadataFromProjectReferenceItems" skipped, due to false condition; ('@(ProjectReference)'!='') was evaluated as (''!='').
     1>Target "ResolveProjectReferences" in file "C:\Program Files (x86)\Microsoft Visual Studio\2017\Community\MSBuild\15.0\Bin\Microsoft.Common.CurrentVersion.targets" from project "E:\A Development That No One Knows\Github\Project_5MES_C\Project_5MES_C.vcxproj" (target "ResolveReferences" depends on it):
       Task "MSBuild" skipped, due to false condition; ('%(_MSBuildProjectReferenceExistent.BuildReference)' == 'true' and '@(ProjectReferenceWithConfiguration)' != '' and ('$(BuildingInsideVisualStudio)' == 'true' or '$(BuildProjectReferences)' != 'true') and '$(VisualStudioVersion)' != '10.0' and '@(_MSBuildProjectReferenceExistent)' != '') was evaluated as ('' == 'true' and '' != '' and ('true' == 'true' or 'true' != 'true') and '15.0' != '10.0' and '' != '').
       Task "MSBuild" skipped, due to false condition; ('%(_MSBuildProjectReferenceExistent.BuildReference)' == 'true' and '@(ProjectReferenceWithConfiguration)' != '' and ('$(BuildingInsideVisualStudio)' == 'true' or '$(BuildProjectReferences)' != 'true') and '$(VisualStudioVersion)' == '10.0' and '@(_MSBuildProjectReferenceExistent)' != '') was evaluated as ('' == 'true' and '' != '' and ('true' == 'true' or 'true' != 'true') and '15.0' == '10.0' and '' != '').
       Task "MSBuild" skipped, due to false condition; ('%(_MSBuildProjectReferenceExistent.BuildReference)' == 'true' and '@(ProjectReferenceWithConfiguration)' != '' and '$(BuildingInsideVisualStudio)' != 'true' and '$(BuildProjectReferences)' == 'true' and '@(_MSBuildProjectReferenceExistent)' != '') was evaluated as ('' == 'true' and '' != '' and 'true' != 'true' and 'true' == 'true' and '' != '').
       Task "MSBuild" skipped, due to false condition; ('%(_MSBuildProjectReferenceExistent.BuildReference)' == 'true' and '@(ProjectReferenceWithConfiguration)' != '' and '$(BuildingProject)' == 'true' and '@(_MSBuildProjectReferenceExistent)' != '') was evaluated as ('' == 'true' and '' != '' and 'true' == 'true' and '' != '').
       Task "Warning" skipped, due to false condition; ('@(ProjectReferenceWithConfiguration)' != '' and '@(_MSBuildProjectReferenceNonexistent)' != '') was evaluated as ('' != '' and '' != '').
     1>Done building target "ResolveProjectReferences" in project "Project_5MES_C.vcxproj".
       Target "FindInvalidProjectReferences" skipped, due to false condition; ('$(FindInvalidProjectReferences)' == 'true') was evaluated as ('' == 'true').
       Target "ResolveNativeReferences" skipped, due to false condition; ('@(NativeReference)'!='') was evaluated as (''!='').
       Target "_PrepareForReferenceResolution" skipped. Previously built successfully.
     1>Target "GetFrameworkPaths" in file "C:\Program Files (x86)\Microsoft Visual Studio\2017\Community\MSBuild\15.0\Bin\Microsoft.NETFramework.CurrentVersion.targets" from project "E:\A Development That No One Knows\Github\Project_5MES_C\Project_5MES_C.vcxproj" (target "ResolveAssemblyReferences" depends on it):
     1>Done building target "GetFrameworkPaths" in project "Project_5MES_C.vcxproj".
       Target "_PrepareForReferenceResolution" skipped. Previously built successfully.
       Target "GetWinFXPath" skipped, due to false condition; (('@(Page)' != '' or '@(ApplicationDefinition)' != '' or '@(Resource)' != '') and ('$(GetWinFXNativePath)' != '' or '$(GetWinFXWoWPath)' != '' )) was evaluated as (('' != '' or '' != '' or '' != '') and ('' != '' or '' != '' )).
     1>Target "GetReferenceAssemblyPaths" in file "C:\Program Files (x86)\Microsoft Visual Studio\2017\Community\MSBuild\15.0\Bin\Microsoft.Common.CurrentVersion.targets" from project "E:\A Development That No One Knows\Github\Project_5MES_C\Project_5MES_C.vcxproj" (target "ResolveAssemblyReferences" depends on it):
       Task "GetReferenceAssemblyPaths" skipped, due to false condition; ('$(TargetFrameworkMoniker)' != '' and ('$(_TargetFrameworkDirectories)' == '' or '$(_FullFrameworkReferenceAssemblyPaths)' == '')) was evaluated as ('' != '' and ('C:\Program Files (x86)\Reference Assemblies\Microsoft\Framework\.NETFramework\v4.0' == '' or 'C:\Program Files (x86)\Reference Assemblies\Microsoft\Framework\.NETFramework\v4.0' == '')).
     1>Done building target "GetReferenceAssemblyPaths" in project "Project_5MES_C.vcxproj".
     1>Target "SetBuildDefaultEnvironmentVariables" in file "C:\Program Files (x86)\Microsoft Visual Studio\2017\Community\Common7\IDE\VC\VCTargets\Microsoft.Cpp.Current.targets" from project "E:\A Development That No One Knows\Github\Project_5MES_C\Project_5MES_C.vcxproj" (target "PrepareForBuild" depends on it):
       Task "SetEnv"
         PATH=C:\Program Files (x86)\Microsoft Visual Studio\2017\Community\VC\Tools\MSVC\14.14.26428\bin\HostX86\x64;C:\Program Files (x86)\Microsoft Visual Studio\2017\Community\VC\Tools\MSVC\14.14.26428\bin\HostX86\x86;C:\Program Files (x86)\Windows Kits\10\bin\10.0.17134.0\x86;;C:\Program Files (x86)\Microsoft SDKs\Windows\v10.0A\bin\NETFX 4.6.1 Tools;C:\Program Files (x86)\Microsoft Visual Studio\2017\Community\Common7\tools;C:\Program Files (x86)\Microsoft Visual Studio\2017\Community\Common7\ide;C:\Program Files (x86)\HTML Help Workshop;;C:\Program Files (x86)\Microsoft Visual Studio\2017\Community\MSBuild\15.0\Bin;C:\WINDOWS\Microsoft.NET\Framework\v4.0.30319\;;C:\Program Files (x86)\Microsoft Visual Studio\2017\Community\Common7\IDE\Extensions\GitHub\GitHub\lib\win32\x86;c:\program files (x86)\common files\intel\shared libraries\redist\intel64\compiler;c:\windows\system32;c:\windows;c:\windows\system32\wbem;c:\windows\system32\windowspowershell\v1.0\;c:\program files\dotnet\;c:\program files\git\cmd;c:\program files\git\cmd;c:\program files\microsoft vs code\bin;C:\Program Files (x86)\NVIDIA Corporation\PhysX\Common;C:\Ruby25-x64\bin;C:\Users\janja\AppData\Local\Microsoft\WindowsApps;C:\Program Files\Microsoft VS Code\bin;C:\Users\janja\AppData\Local\GitHubDesktop\bin;C:\Users\janja\AppData\Local\atom\bin;C:\MinGW\bin;C:\Program Files\LLVM\bin;;
       Done executing task "SetEnv".
       Task "SetEnv"
         LIB=C:\Program Files (x86)\Microsoft Visual Studio\2017\Community\VC\Tools\MSVC\14.14.26428\lib\x64;;C:\Program Files (x86)\Microsoft Visual Studio\2017\Community\VC\Tools\MSVC\14.14.26428\atlmfc\lib\x64;;C:\Program Files (x86)\Microsoft Visual Studio\2017\Community\VC\Auxiliary\VS\lib\x64;;C:\Program Files (x86)\Windows Kits\10\lib\10.0.17134.0\ucrt\x64;;;C:\Program Files (x86)\Windows Kits\10\lib\10.0.17134.0\um\x64;C:\Program Files (x86)\Windows Kits\NETFXSDK\4.6.1\lib\um\x64;;C:\Program Files (x86)\Windows Kits\NETFXSDK\4.6.1\Lib\um\x64
       Done executing task "SetEnv".
       Task "SetEnv"
         LIBPATH=C:\Program Files (x86)\Microsoft Visual Studio\2017\Community\VC\Tools\MSVC\14.14.26428\atlmfc\lib\x64;;C:\Program Files (x86)\Microsoft Visual Studio\2017\Community\VC\Tools\MSVC\14.14.26428\lib\x64;
       Done executing task "SetEnv".
       Task "SetEnv"
         INCLUDE=C:\Program Files (x86)\Microsoft Visual Studio\2017\Community\VC\Tools\MSVC\14.14.26428\include;;C:\Program Files (x86)\Microsoft Visual Studio\2017\Community\VC\Tools\MSVC\14.14.26428\atlmfc\include;;C:\Program Files (x86)\Microsoft Visual Studio\2017\Community\VC\Auxiliary\VS\include;;C:\Program Files (x86)\Windows Kits\10\Include\10.0.17134.0\ucrt;;;C:\Program Files (x86)\Windows Kits\10\Include\10.0.17134.0\um;C:\Program Files (x86)\Windows Kits\10\Include\10.0.17134.0\shared;C:\Program Files (x86)\Windows Kits\10\Include\10.0.17134.0\winrt;C:\Program Files (x86)\Windows Kits\10\Include\10.0.17134.0\cppwinrt;C:\Program Files (x86)\Windows Kits\NETFXSDK\4.6.1\Include\um;C:\Program Files (x86)\Windows Kits\NETFXSDK\4.6.1\Include\um;
       Done executing task "SetEnv".
     1>Done building target "SetBuildDefaultEnvironmentVariables" in project "Project_5MES_C.vcxproj".
       Target "SetUserMacroEnvironmentVariables" skipped, due to false condition; ('@(BuildMacro)' != '' and '$(DesignTimeBuild)' != 'true') was evaluated as ('' != '' and '' != 'true').
       Target "_PrepareForReferenceResolution" skipped. Previously built successfully.
     1>Target "GetResolvedWinMD" in file "C:\Program Files (x86)\Microsoft Visual Studio\2017\Community\Common7\IDE\VC\VCTargets\Microsoft.CppBuild.targets" from project "E:\A Development That No One Knows\Github\Project_5MES_C\Project_5MES_C.vcxproj" (target "PrepareForBuild" depends on it):
     1>Done building target "GetResolvedWinMD" in project "Project_5MES_C.vcxproj".
     1>Target "PlatformPrepareForBuild" in file "C:\Program Files (x86)\Microsoft Visual Studio\2017\Community\Common7\IDE\VC\VCTargets\Microsoft.Cpp.Platform.targets" from project "E:\A Development That No One Knows\Github\Project_5MES_C\Project_5MES_C.vcxproj" (target "PrepareForBuild" depends on it):
       Task "VCMessage" skipped, due to false condition; ('$(_Error64bitToolsNotInstalled)' == 'true') was evaluated as ('' == 'true').
       Task "VCMessage" skipped, due to false condition; ('$(DesignTimeBuild)'!='true' and '$(_ToolsetFound)' != 'true' and '$(PlatformToolset)' == 'v110') was evaluated as (''!='true' and 'true' != 'true' and 'v141' == 'v110').
       Task "VCMessage" skipped, due to false condition; ('$(DesignTimeBuild)'!='true' and '$(_ToolsetFound)' != 'true' and '$(PlatformToolset)' == 'v100') was evaluated as (''!='true' and 'true' != 'true' and 'v141' == 'v100').
       Task "VCMessage" skipped, due to false condition; ('$(DesignTimeBuild)'!='true' and '$(_ToolsetFound)' != 'true' and '$(PlatformToolset)' == 'v90') was evaluated as (''!='true' and 'true' != 'true' and 'v141' == 'v90').
       Task "VCMessage" skipped, due to false condition; ('$(DesignTimeBuild)'!='true' and '$(_ToolsetFound)' != 'true' and '$(PlatformToolset)' != 'v90' and '$(PlatformToolset)' != 'v100' and '$(PlatformToolset)' != 'v110') was evaluated as (''!='true' and 'true' != 'true' and 'v141' != 'v90' and 'v141' != 'v100' and 'v141' != 'v110').
     1>Done building target "PlatformPrepareForBuild" in project "Project_5MES_C.vcxproj".
     1>Target "Desktop_PlatformPrepareForBuild" in file "C:\Program Files (x86)\Microsoft Visual Studio\2017\Community\Common7\IDE\VC\VCTargets\Platforms\x64\PlatformToolsets\v141\Toolset.targets" from project "E:\A Development That No One Knows\Github\Project_5MES_C\Project_5MES_C.vcxproj" (target "PrepareForBuild" depends on it):
       Task "VCMessage" skipped, due to false condition; ($(MissingSDKProps) == 'true') was evaluated as ( == 'true').
     1>Done building target "Desktop_PlatformPrepareForBuild" in project "Project_5MES_C.vcxproj".
       Target "GetFrameworkPaths" skipped. Previously built successfully.
       Target "GetReferenceAssemblyPaths" skipped. Previously built successfully.
       Target "AssignLinkMetadata" skipped, due to false condition; ( '$(SynthesizeLinkMetadata)' == 'true' ) was evaluated as ( '' == 'true' ).
     1>Target "SetCABuildNativeEnvironmentVariables" in file "C:\Program Files (x86)\Microsoft Visual Studio\2017\Community\MSBuild\Microsoft\VisualStudio\v15.0\CodeAnalysis\Microsoft.CodeAnalysis.targets" from project "E:\A Development That No One Knows\Github\Project_5MES_C\Project_5MES_C.vcxproj" (target "PrepareForBuild" depends on it):
       Initializing task factory "CodeTaskFactory" from assembly "C:\Program Files (x86)\Microsoft Visual Studio\2017\Community\MSBuild\15.0\Bin\Microsoft.Build.Tasks.Core.dll".
       Using "SetEnvironmentVariable" task from the task factory "Code Task Factory".
       Task "SetEnvironmentVariable"
       Done executing task "SetEnvironmentVariable".
     1>Done building target "SetCABuildNativeEnvironmentVariables" in project "Project_5MES_C.vcxproj".
     1>Target "PrepareForBuild" in file "C:\Program Files (x86)\Microsoft Visual Studio\2017\Community\Common7\IDE\VC\VCTargets\Microsoft.CppBuild.targets" from project "E:\A Development That No One Knows\Github\Project_5MES_C\Project_5MES_C.vcxproj" (target "ResolveAssemblyReferences" depends on it):
       Task "VCMessage" skipped, due to false condition; ('$(DesignTimeBuild)' != 'true' and '$(ConfigurationPlatformExists)' != 'true') was evaluated as ('' != 'true' and 'true' != 'true').
       Using "MakeDir" task from assembly "Microsoft.Build.Tasks.Core, Version=15.1.0.0, Culture=neutral, PublicKeyToken=b03f5f7f11d50a3a".
       Task "MakeDir"
       Done executing task "MakeDir".
       Task "VCMessage" skipped, due to false condition; ('$(DesignTimeBuild)'!='true' and '$(WindowsAppContainer)'=='true' and '$(ConfigurationType)'!='Application' and '$(ConfigurationType)'!='DynamicLibrary' and '$(ConfigurationType)'!='StaticLibrary') was evaluated as (''!='true' and 'false'=='true' and 'Application'!='Application' and 'Application'!='DynamicLibrary' and 'Application'!='StaticLibrary').
       Task "VCMessage" skipped, due to false condition; ('$(DesignTimeBuild)'!='true' and '$(VCToolsInstallDir)'=='' and '$(UseEnv)' != 'true' and ('$(TargetFrameworkVersion)'=='v3.5' or '$(TargetFrameworkVersion)'=='v3.0' or '$(TargetFrameworkVersion)'=='v2.0' )) was evaluated as (''!='true' and 'C:\Program Files (x86)\Microsoft Visual Studio\2017\Community\VC\Tools\MSVC\14.14.26428\'=='' and '' != 'true' and ('v4.0'=='v3.5' or 'v4.0'=='v3.0' or 'v4.0'=='v2.0' )).
       Task "VCMessage" skipped, due to false condition; ('$(DesignTimeBuild)'!='true' and '$(VCToolsInstallDir)'=='' and '$(UseEnv)' != 'true' and '$(PlatformToolset)'=='v90') was evaluated as (''!='true' and 'C:\Program Files (x86)\Microsoft Visual Studio\2017\Community\VC\Tools\MSVC\14.14.26428\'=='' and '' != 'true' and 'v141'=='v90').
       Task "VCMessage" skipped, due to false condition; ('$(DesignTimeBuild)'!='true' and '$(VCToolsInstallDir)'=='' and '$(UseEnv)' != 'true') was evaluated as (''!='true' and 'C:\Program Files (x86)\Microsoft Visual Studio\2017\Community\VC\Tools\MSVC\14.14.26428\'=='' and '' != 'true').
       Task "VCMessage" skipped, due to false condition; ('$(DesignTimeBuild)'!='true' and '$(WindowsSDKDir)'=='' and '$(UseEnv)' != 'true') was evaluated as (''!='true' and 'C:\Program Files (x86)\Windows Kits\10\'=='' and '' != 'true').
       Task "VCMessage" skipped, due to false condition; ('$(DesignTimeBuild)'!='true' and '$(IntDirTrailingSlashWarning)'=='true') was evaluated as (''!='true' and ''=='true').
       Task "VCMessage" skipped, due to false condition; ('$(DesignTimeBuild)'!='true' and '$(OutDirTrailingSlashWarning)'=='true') was evaluated as (''!='true' and ''=='true').
       Task "VCMessage" skipped, due to false condition; ('%(CompatibilityIssues.Identity)' != '' and '$(DesignTimeBuild)'!='true') was evaluated as ('' != '' and ''!='true').
       Task "VCMessage" skipped, due to false condition; ('$(IgnoreWarnIntDirSharingDetected)' != 'true' and '$(IntDirSharingDetected)' == 'true') was evaluated as ('' != 'true' and '' == 'true').
       Task "VCMessage" skipped, due to false condition; ('$(DesignTimeBuild)'!='true' and '$(IgnoreWarnIntDirInTempDetected)' != 'true' and ('$(_IntDirFullpath.StartsWith($(Tmp), true, null))' == 'true' or '$(_IntDirFullpath.StartsWith($(Temp), true, null))' == 'true' or '$(_OutDirFullpath.StartsWith($(Tmp), true, null))' == 'true' or '$(_OutDirFullpath.StartsWith($(Temp), true, null))' == 'true')) was evaluated as (''!='true' and '' != 'true' and ('False' == 'true' or 'False' == 'true' or 'False' == 'true' or 'False' == 'true')).
       Task "VCMessage" skipped, due to false condition; ('$(DesignTimeBuild)' != 'true' and '$(SpectreMitigation)' != '' and '$(SpectreMitigation)' != 'false' and (('$(_VC_Target_Library_Platform)' == 'OneCore' and !Exists('$(VC_LibraryPath_VC_x86_OneCore)')) or ('$(_VC_Target_Library_Platform)' == 'Desktop' and !Exists('$(VC_LibraryPath_VC_x86_Desktop)')))) was evaluated as ('' != 'true' and 'false' != '' and 'false' != 'false' and (('Desktop' == 'OneCore' and !Exists('C:\Program Files (x86)\Microsoft Visual Studio\2017\Community\VC\Tools\MSVC\14.14.26428\lib\onecore\x86')) or ('Desktop' == 'Desktop' and !Exists('C:\Program Files (x86)\Microsoft Visual Studio\2017\Community\VC\Tools\MSVC\14.14.26428\lib\x86')))).
       Task "MakeDir"
         Creating directory "x64\Debug\Project_5MES_C.tlog\".
       Done executing task "MakeDir".
     1>Done building target "PrepareForBuild" in project "Project_5MES_C.vcxproj".
       Target "_PrepareForReferenceResolution" skipped. Previously built successfully.
       Target "ComputeCrtSDKReference" skipped, due to false condition; ('@(ClCompile)'!='' and '$(WindowsAppContainer)'=='true' and '$(UseCrtSDKReference)' != 'false') was evaluated as ('src_file\LM_MainProgram.c'!='' and 'false'=='true' and '' != 'false').
       Target "GetInstalledSDKLocations" skipped, due to false condition; ('@(SDKReference)' != '') was evaluated as ('' != '').
     1>Target "ResolveSDKReferences" in file "C:\Program Files (x86)\Microsoft Visual Studio\2017\Community\MSBuild\15.0\Bin\Microsoft.Common.CurrentVersion.targets" from project "E:\A Development That No One Knows\Github\Project_5MES_C\Project_5MES_C.vcxproj" (target "ResolveAssemblyReferences" depends on it):
       Task "ResolveSDKReference" skipped, due to false condition; ('@(SDKReference)'!='') was evaluated as (''!='').
     1>Done building target "ResolveSDKReferences" in project "Project_5MES_C.vcxproj".
       Target "ResolveSDKReferences" skipped. Previously built successfully.
     1>Target "ExpandSDKReferences" in file "C:\Program Files (x86)\Microsoft Visual Studio\2017\Community\MSBuild\15.0\Bin\Microsoft.Common.CurrentVersion.targets" from project "E:\A Development That No One Knows\Github\Project_5MES_C\Project_5MES_C.vcxproj" (target "ResolveAssemblyReferences" depends on it):
       Task "GetSDKReferenceFiles" skipped, due to false condition; ('@(ResolvedSDKReference)'!='') was evaluated as (''!='').
     1>Done building target "ExpandSDKReferences" in project "Project_5MES_C.vcxproj".
       Target "ResolveNuGetPackageAssets" skipped, due to false condition; ('$(ResolveNuGetPackages)' == 'true' and exists('$(ProjectLockFile)')) was evaluated as ('true' == 'true' and exists('obj\project.assets.json')).
       Target "ImplicitlyExpandNETStandardFacades" skipped, due to false condition; ('$(ImplicitlyExpandNETStandardFacades)' == 'true') was evaluated as ('' == 'true').
       Target "GetReferenceAssemblyPaths" skipped. Previously built successfully.
       Target "ImplicitlyExpandNETStandardFacades" skipped, due to false condition; ('$(ImplicitlyExpandNETStandardFacades)' == 'true') was evaluated as ('' == 'true').
     1>Target "_HandlePackageFileConflicts" in file "C:\Program Files (x86)\Microsoft Visual Studio\2017\Community\MSBuild\Microsoft\Microsoft.NET.Build.Extensions\Microsoft.NET.Build.Extensions.ConflictResolution.targets" from project "E:\A Development That No One Knows\Github\Project_5MES_C\Project_5MES_C.vcxproj" (target "ResolveAssemblyReferences" depends on it):
       Using "ResolvePackageFileConflicts" task from assembly "C:\Program Files (x86)\Microsoft Visual Studio\2017\Community\MSBuild\Microsoft\Microsoft.NET.Build.Extensions\\tools\net46\Microsoft.NET.Build.Extensions.Tasks.dll".
       Task "ResolvePackageFileConflicts"
       Done executing task "ResolvePackageFileConflicts".
     1>Done building target "_HandlePackageFileConflicts" in project "Project_5MES_C.vcxproj".
     1>Target "ResolveAssemblyReferences" in file "C:\Program Files (x86)\Microsoft Visual Studio\2017\Community\MSBuild\15.0\Bin\Microsoft.Common.CurrentVersion.targets" from project "E:\A Development That No One Knows\Github\Project_5MES_C\Project_5MES_C.vcxproj" (target "ResolveReferences" depends on it):
       Task "ResolveAssemblyReference" skipped, due to false condition; ('@(Reference)'!='' or '@(_ResolvedProjectReferencePaths)'!='' or '@(_ExplicitReference)' != '') was evaluated as (''!='' or ''!='' or '' != '').
     1>Done building target "ResolveAssemblyReferences" in project "Project_5MES_C.vcxproj".
       Target "GenerateBindingRedirects" skipped, due to false condition; ('$(AutoGenerateBindingRedirects)' == 'true' and '$(GenerateBindingRedirectsOutputType)' == 'true') was evaluated as ('' == 'true' and 'true' == 'true').
       Target "GenerateBindingRedirectsUpdateAppConfig" skipped, due to false condition; ('$(AutoGenerateBindingRedirects)' == 'true' and '$(GenerateBindingRedirectsOutputType)' == 'true' and Exists('$(_GenerateBindingRedirectsIntermediateAppConfig)')) was evaluated as ('' == 'true' and 'true' == 'true' and Exists('x64\Debug\Project_5MES_C.exe.config')).
       Target "ResolveComReferences" skipped, due to false condition; ('@(COMReference)'!='' or '@(COMFileReference)'!='') was evaluated as (''!='' or ''!='').
     1>Target "AfterResolveReferences" in file "C:\Program Files (x86)\Microsoft Visual Studio\2017\Community\MSBuild\15.0\Bin\Microsoft.Common.CurrentVersion.targets" from project "E:\A Development That No One Knows\Github\Project_5MES_C\Project_5MES_C.vcxproj" (target "ResolveReferences" depends on it):
     1>Done building target "AfterResolveReferences" in project "Project_5MES_C.vcxproj".
       Target "ImplicitlyExpandDesignTimeFacades" skipped, due to false condition; ('$(ImplicitlyExpandDesignTimeFacades)' == 'true') was evaluated as ('' == 'true').
       Target "ResolveTestReferences" skipped, due to false condition; ('@(Shadow)'!='') was evaluated as (''!='').
     1>Target "ResolveReferences" in file "C:\Program Files (x86)\Microsoft Visual Studio\2017\Community\MSBuild\15.0\Bin\Microsoft.Common.CurrentVersion.targets" from project "E:\A Development That No One Knows\Github\Project_5MES_C\Project_5MES_C.vcxproj" (target "Build" depends on it):
     1>Done building target "ResolveReferences" in project "Project_5MES_C.vcxproj".
       Target "PrepareForBuild" skipped. Previously built successfully.
       Target "PrepareForBuild" skipped. Previously built successfully.
     1>Target "InitializeBuildStatus" in file "C:\Program Files (x86)\Microsoft Visual Studio\2017\Community\Common7\IDE\VC\VCTargets\Microsoft.CppBuild.targets" from project "E:\A Development That No One Knows\Github\Project_5MES_C\Project_5MES_C.vcxproj" (target "Build" depends on it):
       Using "ReadLinesFromFile" task from assembly "Microsoft.Build.Tasks.Core, Version=15.1.0.0, Culture=neutral, PublicKeyToken=b03f5f7f11d50a3a".
       Task "ReadLinesFromFile"
       Done executing task "ReadLinesFromFile".
       Using "WriteLinesToFile" task from assembly "Microsoft.Build.Tasks.Core, Version=15.1.0.0, Culture=neutral, PublicKeyToken=b03f5f7f11d50a3a".
       Task "WriteLinesToFile"
       Done executing task "WriteLinesToFile".
       Using "Touch" task from assembly "Microsoft.Build.Tasks.Core, Version=15.1.0.0, Culture=neutral, PublicKeyToken=b03f5f7f11d50a3a".
       Task "Touch"
         Creating "x64\Debug\Project_5MES_C.tlog\unsuccessfulbuild" because "AlwaysCreate" was specified.
       Done executing task "Touch".
     1>Done building target "InitializeBuildStatus" in project "Project_5MES_C.vcxproj".
       Target "PrepareProjectReferences" skipped. Previously built successfully.
     1>Target "BuildGenerateSourcesTraverse" in file "C:\Program Files (x86)\Microsoft Visual Studio\2017\Community\MSBuild\15.0\Bin\Microsoft.Common.CurrentVersion.targets" from project "E:\A Development That No One Knows\Github\Project_5MES_C\Project_5MES_C.vcxproj" (target "BuildGenerateSources" depends on it):
       Task "MSBuild" skipped, due to false condition; ('$(BuildPassReferences)' == 'true' and '@(ProjectReferenceWithConfiguration)' != '' and '@(_MSBuildProjectReferenceExistent)' != '' and '%(_MSBuildProjectReferenceExistent.BuildReference)' == 'true') was evaluated as ('' == 'true' and '' != '' and '' != '' and '' == 'true').
     1>Done building target "BuildGenerateSourcesTraverse" in project "Project_5MES_C.vcxproj".
       Target "PrepareForBuild" skipped. Previously built successfully.
       Target "ResolveReferences" skipped. Previously built successfully.
     1>Target "BeforeBuildGenerateSources" in file "C:\Program Files (x86)\Microsoft Visual Studio\2017\Community\Common7\IDE\VC\VCTargets\Microsoft.BuildSteps.Targets" from project "E:\A Development That No One Knows\Github\Project_5MES_C\Project_5MES_C.vcxproj" (target "_BuildGenerateSourcesAction" depends on it):
     1>Done building target "BeforeBuildGenerateSources" in project "Project_5MES_C.vcxproj".
     1>Target "PreBuildEvent" in file "C:\Program Files (x86)\Microsoft Visual Studio\2017\Community\Common7\IDE\VC\VCTargets\Microsoft.CppCommon.targets" from project "E:\A Development That No One Knows\Github\Project_5MES_C\Project_5MES_C.vcxproj" (target "_BuildGenerateSourcesAction" depends on it):
       Task "Message" skipped, due to false condition; ('%(PreBuildEvent.Message)' != '' and '%(PreBuildEvent.Command)' != '') was evaluated as ('' != '' and '' != '').
       Task "Exec" skipped, due to false condition; ('%(PreBuildEvent.Command)' != '') was evaluated as ('' != '').
     1>Done building target "PreBuildEvent" in project "Project_5MES_C.vcxproj".
       Target "CustomBuild" skipped, due to false condition; ('@(CustomBuild)' != '') was evaluated as ('' != '').
       Target "FxExport" skipped, due to false condition; ('@(FxCompile)' != '') was evaluated as ('' != '').
       Target "FxCompile" skipped, due to false condition; ('@(FxCompile)' != '') was evaluated as ('' != '').
       Target "Xsd" skipped, due to false condition; ('@(Xsd)' != '') was evaluated as ('' != '').
     1>Target "_Xsd" in file "C:\Program Files (x86)\Microsoft Visual Studio\2017\Community\Common7\IDE\VC\VCTargets\Microsoft.CppBuild.targets" from project "E:\A Development That No One Knows\Github\Project_5MES_C\Project_5MES_C.vcxproj" (target "_BuildGenerateSourcesAction" depends on it):
     1>Done building target "_Xsd" in project "Project_5MES_C.vcxproj".
     1>Target "MakeDirsForMidl" in file "C:\Program Files (x86)\Microsoft Visual Studio\2017\Community\Common7\IDE\VC\VCTargets\Microsoft.CppBuild.targets" from project "E:\A Development That No One Knows\Github\Project_5MES_C\Project_5MES_C.vcxproj" (target "_Midl" depends on it):
       Task "Makedir"
       Done executing task "Makedir".
     1>Done building target "MakeDirsForMidl" in project "Project_5MES_C.vcxproj".
       Target "Midl" skipped, due to false condition; ('@(Midl)' != '') was evaluated as ('' != '').
       Target "CustomBuild" skipped, due to false condition; ('@(CustomBuild)' != '') was evaluated as ('' != '').
       Target "FxExport" skipped, due to false condition; ('@(FxCompile)' != '') was evaluated as ('' != '').
       Target "FxCompile" skipped, due to false condition; ('@(FxCompile)' != '') was evaluated as ('' != '').
     1>Target "ComputeMIDLGeneratedCompileInputs" in file "C:\Program Files (x86)\Microsoft Visual Studio\2017\Community\Common7\IDE\VC\VCTargets\Microsoft.CppBuild.targets" from project "E:\A Development That No One Knows\Github\Project_5MES_C\Project_5MES_C.vcxproj" (target "_Midl" depends on it):
     1>Done building target "ComputeMIDLGeneratedCompileInputs" in project "Project_5MES_C.vcxproj".
     1>Target "AfterMidl" in file "C:\Program Files (x86)\Microsoft Visual Studio\2017\Community\Common7\IDE\VC\VCTargets\Microsoft.CppBuild.targets" from project "E:\A Development That No One Knows\Github\Project_5MES_C\Project_5MES_C.vcxproj" (target "_Midl" depends on it):
     1>Done building target "AfterMidl" in project "Project_5MES_C.vcxproj".
     1>Target "_Midl" in file "C:\Program Files (x86)\Microsoft Visual Studio\2017\Community\Common7\IDE\VC\VCTargets\Microsoft.CppBuild.targets" from project "E:\A Development That No One Knows\Github\Project_5MES_C\Project_5MES_C.vcxproj" (target "_BuildGenerateSourcesAction" depends on it):
     1>Done building target "_Midl" in project "Project_5MES_C.vcxproj".
     1>Target "AfterBuildGenerateSources" in file "C:\Program Files (x86)\Microsoft Visual Studio\2017\Community\Common7\IDE\VC\VCTargets\Microsoft.BuildSteps.Targets" from project "E:\A Development That No One Knows\Github\Project_5MES_C\Project_5MES_C.vcxproj" (target "_BuildGenerateSourcesAction" depends on it):
     1>Done building target "AfterBuildGenerateSources" in project "Project_5MES_C.vcxproj".
     1>Target "AfterBuildGenerateSourcesEvent" in file "C:\Program Files (x86)\Microsoft Visual Studio\2017\Community\Common7\IDE\VC\VCTargets\Microsoft.CppBuild.targets" from project "E:\A Development That No One Knows\Github\Project_5MES_C\Project_5MES_C.vcxproj" (target "_BuildGenerateSourcesAction" depends on it):
     1>Done building target "AfterBuildGenerateSourcesEvent" in project "Project_5MES_C.vcxproj".
     1>Target "_BuildGenerateSourcesAction" in file "C:\Program Files (x86)\Microsoft Visual Studio\2017\Community\Common7\IDE\VC\VCTargets\Microsoft.CppBuild.targets" from project "E:\A Development That No One Knows\Github\Project_5MES_C\Project_5MES_C.vcxproj" (target "BuildGenerateSources" depends on it):
     1>Done building target "_BuildGenerateSourcesAction" in project "Project_5MES_C.vcxproj".
     1>Target "BuildGenerateSources" in file "C:\Program Files (x86)\Microsoft Visual Studio\2017\Community\MSBuild\15.0\Bin\Microsoft.Common.CurrentVersion.targets" from project "E:\A Development That No One Knows\Github\Project_5MES_C\Project_5MES_C.vcxproj" (target "Build" depends on it):
     1>Done building target "BuildGenerateSources" in project "Project_5MES_C.vcxproj".
       Target "PrepareProjectReferences" skipped. Previously built successfully.
     1>Target "BuildCompileTraverse" in file "C:\Program Files (x86)\Microsoft Visual Studio\2017\Community\MSBuild\15.0\Bin\Microsoft.Common.CurrentVersion.targets" from project "E:\A Development That No One Knows\Github\Project_5MES_C\Project_5MES_C.vcxproj" (target "BuildCompile" depends on it):
       Task "MSBuild" skipped, due to false condition; ('$(BuildPassReferences)' == 'true' and '@(ProjectReferenceWithConfiguration)' != '' and '@(_MSBuildProjectReferenceExistent)' != ''  and '%(_MSBuildProjectReferenceExistent.BuildReference)' == 'true') was evaluated as ('' == 'true' and '' != '' and '' != ''  and '' == 'true').
     1>Done building target "BuildCompileTraverse" in project "Project_5MES_C.vcxproj".
       Target "PrepareForBuild" skipped. Previously built successfully.
       Target "ResolveReferences" skipped. Previously built successfully.
     1>Target "BeforeClCompile" in file "C:\Program Files (x86)\Microsoft Visual Studio\2017\Community\Common7\IDE\VC\VCTargets\Microsoft.CppBuild.targets" from project "E:\A Development That No One Knows\Github\Project_5MES_C\Project_5MES_C.vcxproj" (target "_ClCompile" depends on it):
     1>Done building target "BeforeClCompile" in project "Project_5MES_C.vcxproj".
       Target "ComputeMIDLGeneratedCompileInputs" skipped. Previously built successfully.
     1>Target "ComputeCLInputPDBName" in file "C:\Program Files (x86)\Microsoft Visual Studio\2017\Community\Common7\IDE\VC\VCTargets\Microsoft.CppBuild.targets" from project "E:\A Development That No One Knows\Github\Project_5MES_C\Project_5MES_C.vcxproj" (target "_ClCompile" depends on it):
     1>Done building target "ComputeCLInputPDBName" in project "Project_5MES_C.vcxproj".
       Target "ResolveReferences" skipped. Previously built successfully.
     1>Target "ComputeReferenceCLInput" in file "C:\Program Files (x86)\Microsoft Visual Studio\2017\Community\Common7\IDE\VC\VCTargets\Microsoft.CppBuild.targets" from project "E:\A Development That No One Knows\Github\Project_5MES_C\Project_5MES_C.vcxproj" (target "_ClCompile" depends on it):
       Task "WriteLinesToFile" skipped, due to false condition; (('@(_ReferenceCopyLocalPaths)'!='') and '$(DesignTimeBuild)' != 'true') was evaluated as ((''!='') and '' != 'true').
       Task "Message" skipped, due to false condition; ('$(_REFERENCE_DEBUG)'=='true') was evaluated as (''=='true').
     1>Done building target "ComputeReferenceCLInput" in project "Project_5MES_C.vcxproj".
     1>Target "WarnCompileDuplicatedFilename" in file "C:\Program Files (x86)\Microsoft Visual Studio\2017\Community\Common7\IDE\VC\VCTargets\Microsoft.CppBuild.targets" from project "E:\A Development That No One Knows\Github\Project_5MES_C\Project_5MES_C.vcxproj" (target "_ClCompile" depends on it):
       Task "VCMessage" skipped, due to false condition; ('%(ClCompile.ExcludedFromBuild)' != 'true' and '%(Filename)%(Extension)' != '@(ClCompile->'%(Filename)%(Extension)')' and '%(ObjectFileName)' == '@(ClCompile->Metadata(ObjectFileName)->Distinct())') was evaluated as ('' != 'true' and 'LM_MainProgram.c' != 'LM_MainProgram.c' and 'x64\Debug\' == 'x64\Debug\').
     1>Done building target "WarnCompileDuplicatedFilename" in project "Project_5MES_C.vcxproj".
     1>Target "FixupCLCompileOptions" in file "C:\Program Files (x86)\Microsoft Visual Studio\2017\Community\Common7\IDE\VC\VCTargets\Microsoft.CppCommon.targets" from project "E:\A Development That No One Knows\Github\Project_5MES_C\Project_5MES_C.vcxproj" (target "_ClCompile" depends on it):
     1>Done building target "FixupCLCompileOptions" in project "Project_5MES_C.vcxproj".
     1>Target "MakeDirsForCl" in file "C:\Program Files (x86)\Microsoft Visual Studio\2017\Community\Common7\IDE\VC\VCTargets\Microsoft.CppBuild.targets" from project "E:\A Development That No One Knows\Github\Project_5MES_C\Project_5MES_C.vcxproj" (target "_ClCompile" depends on it):
       Task "MakeDir"
       Done executing task "MakeDir".
     1>Done building target "MakeDirsForCl" in project "Project_5MES_C.vcxproj".
       Target "PrepareForBuild" skipped. Previously built successfully.
       Target "InitializeBuildStatus" skipped. Previously built successfully.
       Target "SetBuildDefaultEnvironmentVariables" skipped. Previously built successfully.
       Target "SetUserMacroEnvironmentVariables" skipped, due to false condition; ('@(BuildMacro)' != '' and '$(DesignTimeBuild)' != 'true') was evaluated as ('' != '' and '' != 'true').
     1>Target "_SelectedFiles" in file "C:\Program Files (x86)\Microsoft Visual Studio\2017\Community\Common7\IDE\VC\VCTargets\Microsoft.CppBuild.targets" from project "E:\A Development That No One Knows\Github\Project_5MES_C\Project_5MES_C.vcxproj" (target "SelectClCompile" depends on it):
     1>Done building target "_SelectedFiles" in project "Project_5MES_C.vcxproj".
       Target "ComputeMIDLGeneratedCompileInputs" skipped. Previously built successfully.
       Target "ComputeCLInputPDBName" skipped. Previously built successfully.
       Target "ComputeReferenceCLInput" skipped. Previously built successfully.
       Target "WarnCompileDuplicatedFilename" skipped. Previously built successfully.
       Target "FixupCLCompileOptions" skipped. Previously built successfully.
       Target "_SelectedFiles" skipped. Previously built successfully.
     1>Target "SelectCustomBuild" in file "C:\Program Files (x86)\Microsoft Visual Studio\2017\Community\Common7\IDE\VC\VCTargets\Microsoft.CppBuild.targets" from project "E:\A Development That No One Knows\Github\Project_5MES_C\Project_5MES_C.vcxproj" (target "SelectClCompile" depends on it):
     1>Done building target "SelectCustomBuild" in project "Project_5MES_C.vcxproj".
     1>Target "SelectClCompile" in file "C:\Program Files (x86)\Microsoft Visual Studio\2017\Community\Common7\IDE\VC\VCTargets\Microsoft.CppBuild.targets" from project "E:\A Development That No One Knows\Github\Project_5MES_C\Project_5MES_C.vcxproj" (target "ClCompile" depends on it):
     1>Done building target "SelectClCompile" in project "Project_5MES_C.vcxproj".
       Target "GenerateTargetFrameworkMonikerAttribute" skipped, due to false condition; ('$(GenerateTargetFrameworkAttribute)' == 'true') was evaluated as ('false' == 'true').
       Target "ManagedIncrementalBuildPreProcessDependencyGraph" skipped, due to false condition; ('@(ClCompile)' != '' and '$(EnableManagedIncrementalBuild)' == 'True') was evaluated as ('src_file\LM_MainProgram.c' != '' and 'false' == 'True').
     1>Target "ClCompile" in file "C:\Program Files (x86)\Microsoft Visual Studio\2017\Community\Common7\IDE\VC\VCTargets\Microsoft.CppCommon.targets" from project "E:\A Development That No One Knows\Github\Project_5MES_C\Project_5MES_C.vcxproj" (target "_ClCompile" depends on it):
       Using "Delete" task from assembly "Microsoft.Build.Tasks.Core, Version=15.1.0.0, Culture=neutral, PublicKeyToken=b03f5f7f11d50a3a".
       Task "Delete"
       Done executing task "Delete".
       Task "CL" skipped, due to false condition; ('%(ClCompile.PrecompiledHeader)' == 'Create' and '%(ClCompile.ExcludedFromBuild)'!='true' and '%(ClCompile.CompilerIteration)' == '') was evaluated as ('NotUsing' == 'Create' and ''!='true' and '' == '').
       Using "CL" task from assembly "C:\Program Files (x86)\Microsoft Visual Studio\2017\Community\Common7\IDE\VC\VCTargets\Microsoft.Build.CppTasks.Common.dll".
       Task "CL"
         Forcing recompile of all source files due to missing PDB "x64\Debug\vc141.pdb".
         Environment Variables passed to tool:
           VS_UNICODE_OUTPUT=876
         C:\Program Files (x86)\Microsoft Visual Studio\2017\Community\VC\Tools\MSVC\14.14.26428\bin\HostX86\x64\CL.exe /c /ZI /nologo /W1 /WX- /diagnostics:classic /Od /Gm- /EHsc /RTC1 /MDd /GS /fp:precise /Zc:wchar_t /Zc:forScope /Zc:inline /Fo"x64\Debug\\" /Fd"x64\Debug\vc141.pdb" /Gd /TC /FC /errorReport:prompt src_file\LM_MainProgram.c
         Tracking command:
         C:\Program Files (x86)\Microsoft Visual Studio\2017\Community\MSBuild\15.0\Bin\Tracker.exe /d "C:\Program Files (x86)\MSBuild\15.0\FileTracker\FileTracker32.dll" /i "E:\A Development That No One Knows\Github\Project_5MES_C\x64\Debug\Project_5MES_C.tlog" /r "E:\A DEVELOPMENT THAT NO ONE KNOWS\GITHUB\PROJECT_5MES_C\SRC_FILE\LM_MAINPROGRAM.C" /b MSBuildConsole_CancelEvent5ae342ca596e4073b2f8c5dc11e28f4e  /c "C:\Program Files (x86)\Microsoft Visual Studio\2017\Community\VC\Tools\MSVC\14.14.26428\bin\HostX86\x64\CL.exe"  /c /ZI /nologo /W1 /WX- /diagnostics:classic /Od /Gm- /EHsc /RTC1 /MDd /GS /fp:precise /Zc:wchar_t /Zc:forScope /Zc:inline /Fo"x64\Debug\\" /Fd"x64\Debug\vc141.pdb" /Gd /TC /FC /errorReport:prompt src_file\LM_MainProgram.c
         LM_MainProgram.c
     1>e:\a development that no one knows\github\project_5mes_c\src_file\lm_mainprogram.c(85): warning C4477: 'printf' : format string '%i' requires an argument of type 'int', but variadic argument 2 has type 'int *'
     1>e:\a development that no one knows\github\project_5mes_c\src_file\lm_mainprogram.c(85): warning C4313: 'printf': '%i' in format string conflicts with argument 2 of type 'int *'
     1>e:\a development that no one knows\github\project_5mes_c\src_file\lm_mainprogram.c(106): error C2143: syntax error: missing ';' before '{'
     1>e:\a development that no one knows\github\project_5mes_c\src_file\lm_mainprogram.c(113): error C2143: syntax error: missing ';' before '{'
     1>e:\a development that no one knows\github\project_5mes_c\src_file\lm_mainprogram.c(122): warning C4098: 'OldStd_Func_Enrollment_Eng': 'void' function returning a value
     1>e:\a development that no one knows\github\project_5mes_c\src_file\lm_mainprogram.c(125): error C2143: syntax error: missing ';' before '{'
     1>e:\a development that no one knows\github\project_5mes_c\src_file\lm_mainprogram.c(142): error C2065: 'r': undeclared identifier
     1>e:\a development that no one knows\github\project_5mes_c\src_file\lm_mainprogram.c(142): warning C4047: 'function': 'const char *' differs in levels of indirection from 'int'
     1>e:\a development that no one knows\github\project_5mes_c\src_file\lm_mainprogram.c(142): warning C4024: 'fopen': different types for formal and actual parameter 2
     1>e:\a development that no one knows\github\project_5mes_c\src_file\lm_mainprogram.c(152): error C2065: 'ReturnCodeChar': undeclared identifier
     1>e:\a development that no one knows\github\project_5mes_c\src_file\lm_mainprogram.c(152): warning C4047: 'function': 'const char *' differs in levels of indirection from 'int'
     1>e:\a development that no one knows\github\project_5mes_c\src_file\lm_mainprogram.c(152): warning C4024: 'strstr': different types for formal and actual parameter 2
     1>e:\a development that no one knows\github\project_5mes_c\src_file\lm_mainprogram.c(153): error C2065: 'ReturnCodeChar': undeclared identifier
     1>e:\a development that no one knows\github\project_5mes_c\src_file\lm_mainprogram.c(153): warning C4047: 'function': 'const char *' differs in levels of indirection from 'int'
     1>e:\a development that no one knows\github\project_5mes_c\src_file\lm_mainprogram.c(153): warning C4024: 'strstr': different types for formal and actual parameter 2
     1>e:\a development that no one knows\github\project_5mes_c\src_file\lm_mainprogram.c(153): error C2143: syntax error: missing ';' before '=='
     1>e:\a development that no one knows\github\project_5mes_c\src_file\lm_mainprogram.c(153): error C2059: syntax error: ')'
     1>e:\a development that no one knows\github\project_5mes_c\src_file\lm_mainprogram.c(154): error C2143: syntax error: missing ';' before '{'
     1>e:\a development that no one knows\github\project_5mes_c\src_file\lm_mainprogram.c(155): error C2065: 'ReturnCodeChar': undeclared identifier
     1>e:\a development that no one knows\github\project_5mes_c\src_file\lm_mainprogram.c(155): warning C4047: '=': 'int' differs in levels of indirection from 'char [7]'
     1>e:\a development that no one knows\github\project_5mes_c\src_file\lm_mainprogram.c(156): error C2065: 'ReturnCodeChar': undeclared identifier
     1>e:\a development that no one knows\github\project_5mes_c\src_file\lm_mainprogram.c(159): error C2065: 'PostReturn': undeclared identifier
     1>e:\a development that no one knows\github\project_5mes_c\src_file\lm_mainprogram.c(159): warning C4047: '==': 'int' differs in levels of indirection from 'char [22]'
     1>e:\a development that no one knows\github\project_5mes_c\src_file\lm_mainprogram.c(162): warning C4098: 'OldStd_Func_Enrollment_Eng': 'void' function returning a value
     1>e:\a development that no one knows\github\project_5mes_c\src_file\lm_mainprogram.c(163): error C2065: 'PostReturn': undeclared identifier
     1>e:\a development that no one knows\github\project_5mes_c\src_file\lm_mainprogram.c(163): warning C4047: '==': 'int' differs in levels of indirection from 'char [22]'
     1>e:\a development that no one knows\github\project_5mes_c\src_file\lm_mainprogram.c(167): error C2065: 'PostReturn': undeclared identifier
     1>e:\a development that no one knows\github\project_5mes_c\src_file\lm_mainprogram.c(168): error C2065: 'Err_CodeValue': undeclared identifier
     1>e:\a development that no one knows\github\project_5mes_c\src_file\lm_mainprogram.c(169): error C2065: 'Err_CodeValue': undeclared identifier
     1>e:\a development that no one knows\github\project_5mes_c\src_file\lm_mainprogram.c(169): warning C4098: 'OldStd_Func_Enrollment_Eng': 'void' function returning a value
     1>e:\a development that no one knows\github\project_5mes_c\src_file\lm_mainprogram.c(98): warning C4477: 'printf' : format string '%s' requires an argument of type 'char *', but variadic argument 1 has type 'int'
     1>e:\a development that no one knows\github\project_5mes_c\src_file\lm_mainprogram.c(98): warning C4313: 'printf': '%s' in format string conflicts with argument 1 of type 'int'
     1>e:\a development that no one knows\github\project_5mes_c\src_file\lm_mainprogram.c(98): warning C4477: 'printf' : format string '%i' requires an argument of type 'int', but variadic argument 2 has type 'int *'
     1>e:\a development that no one knows\github\project_5mes_c\src_file\lm_mainprogram.c(98): warning C4313: 'printf': '%i' in format string conflicts with argument 2 of type 'int *'
     1>e:\a development that no one knows\github\project_5mes_c\src_file\lm_mainprogram.c(156): warning C4477: 'printf' : format string '%s' requires an argument of type 'char *', but variadic argument 1 has type 'int'
     1>e:\a development that no one knows\github\project_5mes_c\src_file\lm_mainprogram.c(156): warning C4313: 'printf': '%s' in format string conflicts with argument 1 of type 'int'
         The command exited with code 2.
       Done executing task "CL" -- FAILED.
     1>Done building target "ClCompile" in project "Project_5MES_C.vcxproj" -- FAILED.
     1>Done Building Project "E:\A Development That No One Knows\Github\Project_5MES_C\Project_5MES_C.vcxproj" (Build target(s)) -- FAILED.

Project Performance Summary:
      512 ms  E:\A Development That No One Knows\Github\Project_5MES_C\Project_5MES_C.vcxproj   1 calls
                512 ms  Build                                      1 calls

Target Performance Summary:
        0 ms  ResolveReferences                          1 calls
        0 ms  ComputeCLInputPDBName                      1 calls
        0 ms  ResolveAssemblyReferences                  1 calls
        0 ms  AfterResolveReferences                     1 calls
        0 ms  SelectClCompile                            1 calls
        0 ms  BeforeClCompile                            1 calls
        0 ms  BuildGenerateSourcesTraverse               1 calls
        0 ms  BeforeBuildGenerateSources                 1 calls
        0 ms  PreBuildEvent                              1 calls
        0 ms  _Xsd                                       1 calls
        0 ms  MakeDirsForMidl                            1 calls
        0 ms  AfterMidl                                  1 calls
        0 ms  _Midl                                      1 calls
        0 ms  AfterBuildGenerateSources                  1 calls
        0 ms  AfterBuildGenerateSourcesEvent             1 calls
        0 ms  _BuildGenerateSourcesAction                1 calls
        0 ms  ExpandSDKReferences                        1 calls
        0 ms  BuildGenerateSources                       1 calls
        0 ms  ResolveSDKReferences                       1 calls
        0 ms  FixupCLCompileOptions                      1 calls
        0 ms  SelectCustomBuild                          1 calls
        0 ms  _PrepareForBuild                           1 calls
        0 ms  _PrepareForReferenceResolution             1 calls
        0 ms  BeforeResolveReferences                    1 calls
        0 ms  _SelectedFiles                             1 calls
        0 ms  _SplitProjectReferencesByFileExistence     1 calls
        0 ms  WarnCompileDuplicatedFilename              1 calls
        0 ms  _GetProjectReferenceTargetFrameworkProperties   1 calls
        0 ms  GetFrameworkPaths                          1 calls
        0 ms  GetReferenceAssemblyPaths                  1 calls
        0 ms  SetBuildDefaultEnvironmentVariables        1 calls
        0 ms  PlatformPrepareForBuild                    1 calls
        0 ms  Desktop_PlatformPrepareForBuild            1 calls
        0 ms  PrepareProjectReferences                   1 calls
        0 ms  BuildCompileTraverse                       1 calls
        1 ms  GetResolvedWinMD                           1 calls
        1 ms  ComputeMIDLGeneratedCompileInputs          1 calls
        1 ms  MakeDirsForCl                              1 calls
        1 ms  _CheckForInvalidConfigurationAndPlatform   1 calls
        1 ms  SetTelemetryEnvironmentVariables           1 calls
        1 ms  _HandlePackageFileConflicts                1 calls
        1 ms  AssignProjectConfiguration                 1 calls
        2 ms  ComputeReferenceCLInput                    1 calls
        3 ms  SetCABuildNativeEnvironmentVariables       1 calls
        3 ms  ResolveProjectReferences                   1 calls
        4 ms  PrepareForBuild                            1 calls
        5 ms  InitializeBuildStatus                      1 calls
      487 ms  ClCompile                                  1 calls

Task Performance Summary:
        0 ms  Message                                    2 calls
        0 ms  SetEnv                                     7 calls
        0 ms  AssignProjectConfiguration                 1 calls
        0 ms  MSBuild                                    1 calls
        0 ms  SetEnvironmentVariable                     1 calls
        0 ms  ReadLinesFromFile                          1 calls
        0 ms  Delete                                     1 calls
        1 ms  ResolvePackageFileConflicts                1 calls
        2 ms  WriteLinesToFile                           1 calls
        3 ms  MakeDir                                    4 calls
        3 ms  Touch                                      1 calls
      486 ms  CL                                         1 calls

Build FAILED.

       "E:\A Development That No One Knows\Github\Project_5MES_C\Project_5MES_C.vcxproj" (Build target) (1) ->
       (ClCompile target) -> 
         e:\a development that no one knows\github\project_5mes_c\src_file\lm_mainprogram.c(85): warning C4477: 'printf' : format string '%i' requires an argument of type 'int', but variadic argument 2 has type 'int *'
         e:\a development that no one knows\github\project_5mes_c\src_file\lm_mainprogram.c(85): warning C4313: 'printf': '%i' in format string conflicts with argument 2 of type 'int *'
         e:\a development that no one knows\github\project_5mes_c\src_file\lm_mainprogram.c(122): warning C4098: 'OldStd_Func_Enrollment_Eng': 'void' function returning a value
         e:\a development that no one knows\github\project_5mes_c\src_file\lm_mainprogram.c(142): warning C4047: 'function': 'const char *' differs in levels of indirection from 'int'
         e:\a development that no one knows\github\project_5mes_c\src_file\lm_mainprogram.c(142): warning C4024: 'fopen': different types for formal and actual parameter 2
         e:\a development that no one knows\github\project_5mes_c\src_file\lm_mainprogram.c(152): warning C4047: 'function': 'const char *' differs in levels of indirection from 'int'
         e:\a development that no one knows\github\project_5mes_c\src_file\lm_mainprogram.c(152): warning C4024: 'strstr': different types for formal and actual parameter 2
         e:\a development that no one knows\github\project_5mes_c\src_file\lm_mainprogram.c(153): warning C4047: 'function': 'const char *' differs in levels of indirection from 'int'
         e:\a development that no one knows\github\project_5mes_c\src_file\lm_mainprogram.c(153): warning C4024: 'strstr': different types for formal and actual parameter 2
         e:\a development that no one knows\github\project_5mes_c\src_file\lm_mainprogram.c(155): warning C4047: '=': 'int' differs in levels of indirection from 'char [7]'
         e:\a development that no one knows\github\project_5mes_c\src_file\lm_mainprogram.c(159): warning C4047: '==': 'int' differs in levels of indirection from 'char [22]'
         e:\a development that no one knows\github\project_5mes_c\src_file\lm_mainprogram.c(162): warning C4098: 'OldStd_Func_Enrollment_Eng': 'void' function returning a value
         e:\a development that no one knows\github\project_5mes_c\src_file\lm_mainprogram.c(163): warning C4047: '==': 'int' differs in levels of indirection from 'char [22]'
         e:\a development that no one knows\github\project_5mes_c\src_file\lm_mainprogram.c(169): warning C4098: 'OldStd_Func_Enrollment_Eng': 'void' function returning a value
         e:\a development that no one knows\github\project_5mes_c\src_file\lm_mainprogram.c(98): warning C4477: 'printf' : format string '%s' requires an argument of type 'char *', but variadic argument 1 has type 'int'
         e:\a development that no one knows\github\project_5mes_c\src_file\lm_mainprogram.c(98): warning C4313: 'printf': '%s' in format string conflicts with argument 1 of type 'int'
         e:\a development that no one knows\github\project_5mes_c\src_file\lm_mainprogram.c(98): warning C4477: 'printf' : format string '%i' requires an argument of type 'int', but variadic argument 2 has type 'int *'
         e:\a development that no one knows\github\project_5mes_c\src_file\lm_mainprogram.c(98): warning C4313: 'printf': '%i' in format string conflicts with argument 2 of type 'int *'
         e:\a development that no one knows\github\project_5mes_c\src_file\lm_mainprogram.c(156): warning C4477: 'printf' : format string '%s' requires an argument of type 'char *', but variadic argument 1 has type 'int'
         e:\a development that no one knows\github\project_5mes_c\src_file\lm_mainprogram.c(156): warning C4313: 'printf': '%s' in format string conflicts with argument 1 of type 'int'


       "E:\A Development That No One Knows\Github\Project_5MES_C\Project_5MES_C.vcxproj" (Build target) (1) ->
       (ClCompile target) -> 
         e:\a development that no one knows\github\project_5mes_c\src_file\lm_mainprogram.c(106): error C2143: syntax error: missing ';' before '{'
         e:\a development that no one knows\github\project_5mes_c\src_file\lm_mainprogram.c(113): error C2143: syntax error: missing ';' before '{'
         e:\a development that no one knows\github\project_5mes_c\src_file\lm_mainprogram.c(125): error C2143: syntax error: missing ';' before '{'
         e:\a development that no one knows\github\project_5mes_c\src_file\lm_mainprogram.c(142): error C2065: 'r': undeclared identifier
         e:\a development that no one knows\github\project_5mes_c\src_file\lm_mainprogram.c(152): error C2065: 'ReturnCodeChar': undeclared identifier
         e:\a development that no one knows\github\project_5mes_c\src_file\lm_mainprogram.c(153): error C2065: 'ReturnCodeChar': undeclared identifier
         e:\a development that no one knows\github\project_5mes_c\src_file\lm_mainprogram.c(153): error C2143: syntax error: missing ';' before '=='
         e:\a development that no one knows\github\project_5mes_c\src_file\lm_mainprogram.c(153): error C2059: syntax error: ')'
         e:\a development that no one knows\github\project_5mes_c\src_file\lm_mainprogram.c(154): error C2143: syntax error: missing ';' before '{'
         e:\a development that no one knows\github\project_5mes_c\src_file\lm_mainprogram.c(155): error C2065: 'ReturnCodeChar': undeclared identifier
         e:\a development that no one knows\github\project_5mes_c\src_file\lm_mainprogram.c(156): error C2065: 'ReturnCodeChar': undeclared identifier
         e:\a development that no one knows\github\project_5mes_c\src_file\lm_mainprogram.c(159): error C2065: 'PostReturn': undeclared identifier
         e:\a development that no one knows\github\project_5mes_c\src_file\lm_mainprogram.c(163): error C2065: 'PostReturn': undeclared identifier
         e:\a development that no one knows\github\project_5mes_c\src_file\lm_mainprogram.c(167): error C2065: 'PostReturn': undeclared identifier
         e:\a development that no one knows\github\project_5mes_c\src_file\lm_mainprogram.c(168): error C2065: 'Err_CodeValue': undeclared identifier
         e:\a development that no one knows\github\project_5mes_c\src_file\lm_mainprogram.c(169): error C2065: 'Err_CodeValue': undeclared identifier

    20 Warning(s)
    16 Error(s)

Time Elapsed 00:00:00.51
